########### array before sorts ###########
0	42.000000	3.000000	42.000000	39.000000	n
1	42.000000	39.000000	41.897777	39.776457	n
2	41.897777	39.776457	41.598076	40.500000	n
3	41.598076	40.500000	41.121320	41.121320	n
4	41.121320	41.121320	40.500000	41.598076	n
5	40.500000	41.598076	39.776457	41.897777	n
6	39.776457	41.897777	39.000000	42.000000	n
7	39.000000	42.000000	3.000000	42.000000	n
8	3.000000	42.000000	2.223543	41.897777	n
9	2.223543	41.897777	1.500000	41.598076	n
10	1.500000	41.598076	0.878680	41.121320	n
11	0.878680	41.121320	0.401924	40.500000	n
12	0.401924	40.500000	0.102223	39.776457	n
13	0.102223	39.776457	0.000000	39.000000	n
14	0.000000	39.000000	0.000000	3.000000	n
15	0.000000	3.000000	0.102223	2.223543	n
16	0.102223	2.223543	0.401924	1.500000	n
17	0.401924	1.500000	0.878680	0.878680	n
18	0.878680	0.878680	1.500000	0.401924	n
19	1.500000	0.401924	2.223543	0.102223	n
20	2.223543	0.102223	3.000000	0.000000	n
21	3.000000	0.000000	39.000000	0.000000	n
22	39.000000	0.000000	39.776457	0.102223	n
23	39.776457	0.102223	40.500000	0.401924	n
24	40.500000	0.401924	41.121320	0.878680	n
25	41.121320	0.878680	41.598076	1.500000	n
26	41.598076	1.500000	41.897777	2.223543	n
27	41.897777	2.223543	42.000000	3.000000	n
Tolerance=0.050000.
*Exact match for i=0 and j=1.
*i point 42.000000	3.000000	42.000000	39.000000	y
*Exact match for i=1 and j=2.
*i point 42.000000	39.000000	41.897777	39.776457	y
*Exact match for i=2 and j=3.
*i point 41.897777	39.776457	41.598076	40.500000	y
*Exact match for i=3 and j=4.
*i point 41.598076	40.500000	41.121320	41.121320	y
*Exact match for i=4 and j=5.
*i point 41.121320	41.121320	40.500000	41.598076	y
*Exact match for i=5 and j=6.
*i point 40.500000	41.598076	39.776457	41.897777	y
*Exact match for i=6 and j=7.
*i point 39.776457	41.897777	39.000000	42.000000	y
*Exact match for i=7 and j=8.
*i point 39.000000	42.000000	3.000000	42.000000	y
*Exact match for i=8 and j=9.
*i point 3.000000	42.000000	2.223543	41.897777	y
*Exact match for i=9 and j=10.
*i point 2.223543	41.897777	1.500000	41.598076	y
*Exact match for i=10 and j=11.
*i point 1.500000	41.598076	0.878680	41.121320	y
*Exact match for i=11 and j=12.
*i point 0.878680	41.121320	0.401924	40.500000	y
*Exact match for i=12 and j=13.
*i point 0.401924	40.500000	0.102223	39.776457	y
*Exact match for i=13 and j=14.
*i point 0.102223	39.776457	0.000000	39.000000	y
*Exact match for i=14 and j=15.
*i point 0.000000	39.000000	0.000000	3.000000	y
*Exact match for i=15 and j=16.
*i point 0.000000	3.000000	0.102223	2.223543	y
*Exact match for i=16 and j=17.
*i point 0.102223	2.223543	0.401924	1.500000	y
*Exact match for i=17 and j=18.
*i point 0.401924	1.500000	0.878680	0.878680	y
*Exact match for i=18 and j=19.
*i point 0.878680	0.878680	1.500000	0.401924	y
*Exact match for i=19 and j=20.
*i point 1.500000	0.401924	2.223543	0.102223	y
*Exact match for i=20 and j=21.
*i point 2.223543	0.102223	3.000000	0.000000	y
*Exact match for i=21 and j=22.
*i point 3.000000	0.000000	39.000000	0.000000	y
*Exact match for i=22 and j=23.
*i point 39.000000	0.000000	39.776457	0.102223	y
*Exact match for i=23 and j=24.
*i point 39.776457	0.102223	40.500000	0.401924	y
*Exact match for i=24 and j=25.
*i point 40.500000	0.401924	41.121320	0.878680	y
*Exact match for i=25 and j=26.
*i point 41.121320	0.878680	41.598076	1.500000	y
*Exact match for i=26 and j=27.
*i point 41.598076	1.500000	41.897777	2.223543	y
########### array after sorts ###########
0	42.000000	3.000000	42.000000	39.000000	y
1	42.000000	39.000000	41.897777	39.776457	y
2	41.897777	39.776457	41.598076	40.500000	y
3	41.598076	40.500000	41.121320	41.121320	y
4	41.121320	41.121320	40.500000	41.598076	y
5	40.500000	41.598076	39.776457	41.897777	y
6	39.776457	41.897777	39.000000	42.000000	y
7	39.000000	42.000000	3.000000	42.000000	y
8	3.000000	42.000000	2.223543	41.897777	y
9	2.223543	41.897777	1.500000	41.598076	y
10	1.500000	41.598076	0.878680	41.121320	y
11	0.878680	41.121320	0.401924	40.500000	y
12	0.401924	40.500000	0.102223	39.776457	y
13	0.102223	39.776457	0.000000	39.000000	y
14	0.000000	39.000000	0.000000	3.000000	y
15	0.000000	3.000000	0.102223	2.223543	y
16	0.102223	2.223543	0.401924	1.500000	y
17	0.401924	1.500000	0.878680	0.878680	y
18	0.878680	0.878680	1.500000	0.401924	y
19	1.500000	0.401924	2.223543	0.102223	y
20	2.223543	0.102223	3.000000	0.000000	y
21	3.000000	0.000000	39.000000	0.000000	y
22	39.000000	0.000000	39.776457	0.102223	y
23	39.776457	0.102223	40.500000	0.401924	y
24	40.500000	0.401924	41.121320	0.878680	y
25	41.121320	0.878680	41.598076	1.500000	y
26	41.598076	1.500000	41.897777	2.223543	y
27	41.897777	2.223543	42.000000	3.000000	y
***************
.BOARD_OUTLINE UNOWNED
1.6
0     42.000000     3.000000     0
0     42.000000     39.000000     0
0     41.897777     39.776457     0
0     41.598076     40.500000     0
0     41.121320     41.121320     0
0     40.500000     41.598076     0
0     39.776457     41.897777     0
0     39.000000     42.000000     0
0     3.000000     42.000000     0
0     2.223543     41.897777     0
0     1.500000     41.598076     0
0     0.878680     41.121320     0
0     0.401924     40.500000     0
0     0.102223     39.776457     0
0     0.000000     39.000000     0
0     0.000000     3.000000     0
0     0.102223     2.223543     0
0     0.401924     1.500000     0
0     0.878680     0.878680     0
0     1.500000     0.401924     0
0     2.223543     0.102223     0
0     3.000000     0.000000     0
0     39.000000     0.000000     0
0     39.776457     0.102223     0
0     40.500000     0.401924     0
0     41.121320     0.878680     0
0     41.598076     1.500000     0
0     41.897777     2.223543     0
0     42.000000     3.000000     0
